[2017-11-02 20:13:01][ERROR] 下载用户：xcbin店铺[testuser_allroot]Message标题失败,<?xml version="1.0" encoding="UTF-8"?><GetMyMessagesResponse xmlns="urn:ebay:apis:eBLBaseComponents"><Timestamp>2017-11-02T12:13:02.127Z</Timestamp><Ack>Failure</Ack><Errors><ShortMessage>Token does not exist.</ShortMessage><LongMessage>The token does not exist, the user must complete the Auth &amp; Auth sign in process to generate token.</LongMessage><ErrorCode>16119</ErrorCode><SeverityCode>Error</SeverityCode><ErrorClassification>RequestError</ErrorClassification></Errors><Version>1031</Version><Build>E1031_CORE_APIMSG_18536032_R1</Build></GetMyMessagesResponse>
[2017-11-02 20:13:01][ERROR] [Call DBSelect]出错:找不到存储过程 'ATP_WriteOtherItemLogs'。
[2017-11-02 20:28:11][ERROR] 下载用户：xcbin店铺[testuser_allroot]Message标题失败,<?xml version="1.0" encoding="UTF-8"?><GetMyMessagesResponse xmlns="urn:ebay:apis:eBLBaseComponents"><Timestamp>2017-11-02T12:28:12.502Z</Timestamp><Ack>Failure</Ack><Errors><ShortMessage>Token does not exist.</ShortMessage><LongMessage>The token does not exist, the user must complete the Auth &amp; Auth sign in process to generate token.</LongMessage><ErrorCode>16119</ErrorCode><SeverityCode>Error</SeverityCode><ErrorClassification>RequestError</ErrorClassification></Errors><Version>1031</Version><Build>E1031_CORE_APIMSG_18536032_R1</Build></GetMyMessagesResponse>
[2017-11-02 20:28:11][ERROR] [Call DBSelect]出错:找不到存储过程 'ATP_WriteOtherItemLogs'。
[2017-11-02 20:28:11][ERROR] 下载用户：xcbin店铺[testuser_allroot1]Message标题失败,<?xml version="1.0" encoding="UTF-8"?><GetMyMessagesResponse xmlns="urn:ebay:apis:eBLBaseComponents"><Timestamp>2017-11-02T12:28:12.910Z</Timestamp><Ack>Failure</Ack><Errors><ShortMessage>Token does not exist.</ShortMessage><LongMessage>The token does not exist, the user must complete the Auth &amp; Auth sign in process to generate token.</LongMessage><ErrorCode>16119</ErrorCode><SeverityCode>Error</SeverityCode><ErrorClassification>RequestError</ErrorClassification></Errors><Version>1031</Version><Build>E1031_CORE_APIMSG_18536032_R1</Build></GetMyMessagesResponse>
[2017-11-02 20:28:11][ERROR] [Call DBSelect]出错:找不到存储过程 'ATP_WriteOtherItemLogs'。
[2017-11-02 20:43:24][ERROR] 下载用户：xcbin店铺[testuser_allroot1]Message标题失败,<?xml version="1.0" encoding="UTF-8"?><GetMyMessagesResponse xmlns="urn:ebay:apis:eBLBaseComponents"><Timestamp>2017-11-02T12:43:25.424Z</Timestamp><Ack>Failure</Ack><Errors><ShortMessage>Token does not exist.</ShortMessage><LongMessage>The token does not exist, the user must complete the Auth &amp; Auth sign in process to generate token.</LongMessage><ErrorCode>16119</ErrorCode><SeverityCode>Error</SeverityCode><ErrorClassification>RequestError</ErrorClassification></Errors><Version>1031</Version><Build>E1031_CORE_APIMSG_18536032_R1</Build></GetMyMessagesResponse>
[2017-11-02 20:43:24][ERROR] [Call DBSelect]出错:找不到存储过程 'ATP_WriteOtherItemLogs'。
[2017-11-02 20:43:25][ERROR] 下载用户：xcbin店铺[testuser_sbxyanfei5210]Message标题失败,<?xml version="1.0" encoding="UTF-8"?><GetMyMessagesResponse xmlns="urn:ebay:apis:eBLBaseComponents"><Timestamp>2017-11-02T12:43:26.221Z</Timestamp><Ack>Failure</Ack><Errors><ShortMessage>Token does not exist.</ShortMessage><LongMessage>The token does not exist, the user must complete the Auth &amp; Auth sign in process to generate token.</LongMessage><ErrorCode>16119</ErrorCode><SeverityCode>Error</SeverityCode><ErrorClassification>RequestError</ErrorClassification></Errors><Version>1031</Version><Build>E1031_CORE_APIMSG_18536032_R1</Build></GetMyMessagesResponse>
[2017-11-02 20:43:25][ERROR] [Call DBSelect]出错:找不到存储过程 'ATP_WriteOtherItemLogs'。
[2017-11-02 20:43:32][ERROR] 下载用户：xcbin店铺[testuser_allroot]Message标题失败,<?xml version="1.0" encoding="UTF-8"?><GetMyMessagesResponse xmlns="urn:ebay:apis:eBLBaseComponents"><Timestamp>2017-11-02T12:43:33.846Z</Timestamp><Ack>Failure</Ack><Errors><ShortMessage>Token does not exist.</ShortMessage><LongMessage>The token does not exist, the user must complete the Auth &amp; Auth sign in process to generate token.</LongMessage><ErrorCode>16119</ErrorCode><SeverityCode>Error</SeverityCode><ErrorClassification>RequestError</ErrorClassification></Errors><Version>1031</Version><Build>E1031_CORE_APIMSG_18536032_R1</Build></GetMyMessagesResponse>
[2017-11-02 20:43:32][ERROR] [Call DBSelect]出错:找不到存储过程 'ATP_WriteOtherItemLogs'。
[2017-11-02 20:58:48][ERROR] 下载用户：xcbin店铺[testuser_allroot]Message标题失败,<?xml version="1.0" encoding="UTF-8"?><GetMyMessagesResponse xmlns="urn:ebay:apis:eBLBaseComponents"><Timestamp>2017-11-02T12:58:50.034Z</Timestamp><Ack>Failure</Ack><Errors><ShortMessage>Token does not exist.</ShortMessage><LongMessage>The token does not exist, the user must complete the Auth &amp; Auth sign in process to generate token.</LongMessage><ErrorCode>16119</ErrorCode><SeverityCode>Error</SeverityCode><ErrorClassification>RequestError</ErrorClassification></Errors><Version>1031</Version><Build>E1031_CORE_APIMSG_18536032_R1</Build></GetMyMessagesResponse>
[2017-11-02 20:58:48][ERROR] [Call DBSelect]出错:找不到存储过程 'ATP_WriteOtherItemLogs'。
[2017-11-02 20:58:50][ERROR] 下载用户：xcbin店铺[testuser_allroot1]Message标题失败,<?xml version="1.0" encoding="UTF-8"?><GetMyMessagesResponse xmlns="urn:ebay:apis:eBLBaseComponents"><Timestamp>2017-11-02T12:58:51.532Z</Timestamp><Ack>Failure</Ack><Errors><ShortMessage>Token does not exist.</ShortMessage><LongMessage>The token does not exist, the user must complete the Auth &amp; Auth sign in process to generate token.</LongMessage><ErrorCode>16119</ErrorCode><SeverityCode>Error</SeverityCode><ErrorClassification>RequestError</ErrorClassification></Errors><Version>1031</Version><Build>E1031_CORE_APIMSG_18536032_R1</Build></GetMyMessagesResponse>
[2017-11-02 20:58:50][ERROR] [Call DBSelect]出错:找不到存储过程 'ATP_WriteOtherItemLogs'。
[2017-11-02 20:58:51][ERROR] 下载用户：xcbin店铺[testuser_sbxyanfei5210]Message标题失败,<?xml version="1.0" encoding="UTF-8"?><GetMyMessagesResponse xmlns="urn:ebay:apis:eBLBaseComponents"><Timestamp>2017-11-02T12:58:52.678Z</Timestamp><Ack>Failure</Ack><Errors><ShortMessage>Token does not exist.</ShortMessage><LongMessage>The token does not exist, the user must complete the Auth &amp; Auth sign in process to generate token.</LongMessage><ErrorCode>16119</ErrorCode><SeverityCode>Error</SeverityCode><ErrorClassification>RequestError</ErrorClassification></Errors><Version>1031</Version><Build>E1031_CORE_APIMSG_18536032_R1</Build></GetMyMessagesResponse>
[2017-11-02 20:58:51][ERROR] [Call DBSelect]出错:找不到存储过程 'ATP_WriteOtherItemLogs'。
[2017-11-02 21:14:01][ERROR] 下载用户：xcbin店铺[testuser_allroot]Message标题失败,<?xml version="1.0" encoding="UTF-8"?><GetMyMessagesResponse xmlns="urn:ebay:apis:eBLBaseComponents"><Timestamp>2017-11-02T13:14:03.081Z</Timestamp><Ack>Failure</Ack><Errors><ShortMessage>Token does not exist.</ShortMessage><LongMessage>The token does not exist, the user must complete the Auth &amp; Auth sign in process to generate token.</LongMessage><ErrorCode>16119</ErrorCode><SeverityCode>Error</SeverityCode><ErrorClassification>RequestError</ErrorClassification></Errors><Version>1031</Version><Build>E1031_CORE_APIMSG_18536032_R1</Build></GetMyMessagesResponse>
[2017-11-02 21:14:02][ERROR] [Call DBSelect]出错:找不到存储过程 'ATP_WriteOtherItemLogs'。
[2017-11-02 21:14:02][ERROR] 下载用户：xcbin店铺[testuser_allroot1]Message标题失败,<?xml version="1.0" encoding="UTF-8"?><GetMyMessagesResponse xmlns="urn:ebay:apis:eBLBaseComponents"><Timestamp>2017-11-02T13:14:03.269Z</Timestamp><Ack>Failure</Ack><Errors><ShortMessage>Token does not exist.</ShortMessage><LongMessage>The token does not exist, the user must complete the Auth &amp; Auth sign in process to generate token.</LongMessage><ErrorCode>16119</ErrorCode><SeverityCode>Error</SeverityCode><ErrorClassification>RequestError</ErrorClassification></Errors><Version>1031</Version><Build>E1031_CORE_APIMSG_18536032_R1</Build></GetMyMessagesResponse>
[2017-11-02 21:14:02][ERROR] [Call DBSelect]出错:找不到存储过程 'ATP_WriteOtherItemLogs'。
[2017-11-02 21:14:02][ERROR] 下载用户：xcbin店铺[testuser_sbxyanfei5210]Message标题失败,<?xml version="1.0" encoding="UTF-8"?><GetMyMessagesResponse xmlns="urn:ebay:apis:eBLBaseComponents"><Timestamp>2017-11-02T13:14:03.633Z</Timestamp><Ack>Failure</Ack><Errors><ShortMessage>Token does not exist.</ShortMessage><LongMessage>The token does not exist, the user must complete the Auth &amp; Auth sign in process to generate token.</LongMessage><ErrorCode>16119</ErrorCode><SeverityCode>Error</SeverityCode><ErrorClassification>RequestError</ErrorClassification></Errors><Version>1031</Version><Build>E1031_CORE_APIMSG_18536032_R1</Build></GetMyMessagesResponse>
[2017-11-02 21:14:02][ERROR] [Call DBSelect]出错:找不到存储过程 'ATP_WriteOtherItemLogs'。
[2017-11-02 21:29:13][ERROR] 下载用户：xcbin店铺[testuser_allroot]Message标题失败,<?xml version="1.0" encoding="UTF-8"?><GetMyMessagesResponse xmlns="urn:ebay:apis:eBLBaseComponents"><Timestamp>2017-11-02T13:29:14.174Z</Timestamp><Ack>Failure</Ack><Errors><ShortMessage>Token does not exist.</ShortMessage><LongMessage>The token does not exist, the user must complete the Auth &amp; Auth sign in process to generate token.</LongMessage><ErrorCode>16119</ErrorCode><SeverityCode>Error</SeverityCode><ErrorClassification>RequestError</ErrorClassification></Errors><Version>1031</Version><Build>E1031_CORE_APIMSG_18536032_R1</Build></GetMyMessagesResponse>
[2017-11-02 21:29:13][ERROR] [Call DBSelect]出错:找不到存储过程 'ATP_WriteOtherItemLogs'。
[2017-11-02 21:29:13][ERROR] 下载用户：xcbin店铺[testuser_sbxyanfei5210]Message标题失败,<?xml version="1.0" encoding="UTF-8"?><GetMyMessagesResponse xmlns="urn:ebay:apis:eBLBaseComponents"><Timestamp>2017-11-02T13:29:14.737Z</Timestamp><Ack>Failure</Ack><Errors><ShortMessage>Token does not exist.</ShortMessage><LongMessage>The token does not exist, the user must complete the Auth &amp; Auth sign in process to generate token.</LongMessage><ErrorCode>16119</ErrorCode><SeverityCode>Error</SeverityCode><ErrorClassification>RequestError</ErrorClassification></Errors><Version>1031</Version><Build>E1031_CORE_APIMSG_18536032_R1</Build></GetMyMessagesResponse>
[2017-11-02 21:29:13][ERROR] [Call DBSelect]出错:找不到存储过程 'ATP_WriteOtherItemLogs'。
[2017-11-02 21:29:14][ERROR] 下载用户：xcbin店铺[testuser_allroot1]Message标题失败,<?xml version="1.0" encoding="UTF-8"?><GetMyMessagesResponse xmlns="urn:ebay:apis:eBLBaseComponents"><Timestamp>2017-11-02T13:29:15.361Z</Timestamp><Ack>Failure</Ack><Errors><ShortMessage>Token does not exist.</ShortMessage><LongMessage>The token does not exist, the user must complete the Auth &amp; Auth sign in process to generate token.</LongMessage><ErrorCode>16119</ErrorCode><SeverityCode>Error</SeverityCode><ErrorClassification>RequestError</ErrorClassification></Errors><Version>1031</Version><Build>E1031_CORE_APIMSG_18536032_R1</Build></GetMyMessagesResponse>
[2017-11-02 21:29:14][ERROR] [Call DBSelect]出错:找不到存储过程 'ATP_WriteOtherItemLogs'。
[2017-11-21 22:07:26][ERROR] 下载用户：xcbin店铺[yingkailin]Message标题失败,No access token found or the app does not exist.
[2017-12-13 09:48:42][ERROR] [GetAllOtherWishUser[select UID,AliasName,ShopName,AccessToken,RefreshToken,WishAppkey,WishAppSecret,DATEDIFF(HOUR,LastSyncTime,GETDATE()) as diffhour from S_SyncInfoWish] 出错:
[2017-12-13 09:48:43][ERROR] [GetAllOtherWishUser[select UID,AliasName,ShopName,AccessToken,RefreshToken,WishAppkey,WishAppSecret,DATEDIFF(HOUR,LastSyncTime,GETDATE()) as diffhour from S_SyncInfoWish] 出错:
[2017-12-13 09:48:44][ERROR] [GetAllOtherWishUser[select UID,AliasName,ShopName,AccessToken,RefreshToken,WishAppkey,WishAppSecret,DATEDIFF(HOUR,LastSyncTime,GETDATE()) as diffhour from S_SyncInfoWish] 出错:
[2017-12-13 09:48:45][ERROR] [GetAllOtherWishUser[select UID,AliasName,ShopName,AccessToken,RefreshToken,WishAppkey,WishAppSecret,DATEDIFF(HOUR,LastSyncTime,GETDATE()) as diffhour from S_SyncInfoWish] 出错:
[2017-12-13 09:48:46][ERROR] [GetAllOtherWishUser[select UID,AliasName,ShopName,AccessToken,RefreshToken,WishAppkey,WishAppSecret,DATEDIFF(HOUR,LastSyncTime,GETDATE()) as diffhour from S_SyncInfoWish] 出错:
[2017-12-13 09:50:11][ERROR] [GetAllOtherWishUser[select UID,AliasName,ShopName,AccessToken,RefreshToken,WishAppkey,WishAppSecret,DATEDIFF(HOUR,LastSyncTime,GETDATE()) as diffhour from S_SyncInfoWish] 出错:
[2017-12-13 09:50:12][ERROR] [GetAllOtherWishUser[select UID,AliasName,ShopName,AccessToken,RefreshToken,WishAppkey,WishAppSecret,DATEDIFF(HOUR,LastSyncTime,GETDATE()) as diffhour from S_SyncInfoWish] 出错:
[2017-12-13 09:50:13][ERROR] [GetAllOtherWishUser[select UID,AliasName,ShopName,AccessToken,RefreshToken,WishAppkey,WishAppSecret,DATEDIFF(HOUR,LastSyncTime,GETDATE()) as diffhour from S_SyncInfoWish] 出错:
[2017-12-13 09:50:14][ERROR] [GetAllOtherWishUser[select UID,AliasName,ShopName,AccessToken,RefreshToken,WishAppkey,WishAppSecret,DATEDIFF(HOUR,LastSyncTime,GETDATE()) as diffhour from S_SyncInfoWish] 出错:
[2017-12-13 09:50:15][ERROR] [GetAllOtherWishUser[select UID,AliasName,ShopName,AccessToken,RefreshToken,WishAppkey,WishAppSecret,DATEDIFF(HOUR,LastSyncTime,GETDATE()) as diffhour from S_SyncInfoWish] 出错:
[2017-12-13 09:52:13][ERROR] 下载用户：xcbin店铺[]售后单失败，授权失败：Required Param 'access_token' Missing
[2017-12-13 09:52:15][ERROR] 下载用户：xcbin店铺[]Message标题失败,Required Param 'access_token' Missing
[2017-12-13 09:52:15][ERROR] 下载用户：allroot123店铺[allroot]售后单失败，返回数据data为空
[2017-12-13 09:52:16][ERROR] 下载用户：xcbin店铺[客户wish]售后单失败，授权失败：Required Param 'access_token' Missing
[2017-12-13 09:52:16][ERROR] 下载用户：allroot123店铺[allroot]Message标题失败,
[2017-12-13 09:52:16][ERROR] 下载用户：xcbin店铺[wwwwzhen]售后单失败，授权失败：This access token has been revoked.
[2017-12-13 09:52:17][ERROR] 下载用户：xcbin店铺[客户wish]Message标题失败,Required Param 'access_token' Missing
[2017-12-13 09:52:17][ERROR] 下载用户：xcbin店铺[wwwwzhen]Message标题失败,
